20:33:39.638 log [main] INFO  com.shl.onetest.OnetestApplication - Starting OnetestApplication on mr-song with PID 10800 (D:\workmyown\onetestplatform\target\classes started by songhl in D:\workmyown\onetestplatform)
20:33:39.638 log [main] INFO  com.shl.onetest.OnetestApplication - No active profile set, falling back to default profiles: default
20:33:39.951 log [background-preinit] INFO  o.h.validator.internal.util.Version - HV000001: Hibernate Validator 5.3.6.Final
20:33:40.045 log [main] INFO  o.s.b.c.e.AnnotationConfigEmbeddedWebApplicationContext - Refreshing org.springframework.boot.context.embedded.AnnotationConfigEmbeddedWebApplicationContext@1ffe63b9: startup date [Tue Jul 10 20:33:40 CST 2018]; root of context hierarchy
20:33:41.020 log [main] INFO  o.s.c.s.PostProcessorRegistrationDelegate$BeanPostProcessorChecker - Bean 'shiroConfig' of type [com.shl.onetest.shiroconf.ShiroConfig$$EnhancerBySpringCGLIB$$63223093] is not eligible for getting processed by all BeanPostProcessors (for example: not eligible for auto-proxying)
20:33:41.270 log [main] INFO  o.s.c.s.PostProcessorRegistrationDelegate$BeanPostProcessorChecker - Bean 'mybatisConfig' of type [com.shl.onetest.mybatisconfig.MybatisConfig$$EnhancerBySpringCGLIB$$ccd51135] is not eligible for getting processed by all BeanPostProcessors (for example: not eligible for auto-proxying)
20:33:41.567 log [main] INFO  o.s.c.s.PostProcessorRegistrationDelegate$BeanPostProcessorChecker - Bean 'druidDataSource' of type [com.alibaba.druid.pool.DruidDataSource] is not eligible for getting processed by all BeanPostProcessors (for example: not eligible for auto-proxying)
20:33:42.083 log [main] INFO  o.s.c.s.PostProcessorRegistrationDelegate$BeanPostProcessorChecker - Bean 'sqlSessionFactory' of type [org.apache.ibatis.session.defaults.DefaultSqlSessionFactory] is not eligible for getting processed by all BeanPostProcessors (for example: not eligible for auto-proxying)
20:33:42.098 log [main] INFO  o.s.c.s.PostProcessorRegistrationDelegate$BeanPostProcessorChecker - Bean 'mybatis-org.mybatis.spring.boot.autoconfigure.MybatisProperties' of type [org.mybatis.spring.boot.autoconfigure.MybatisProperties] is not eligible for getting processed by all BeanPostProcessors (for example: not eligible for auto-proxying)
20:33:42.098 log [main] INFO  o.s.c.s.PostProcessorRegistrationDelegate$BeanPostProcessorChecker - Bean 'org.mybatis.spring.boot.autoconfigure.MybatisAutoConfiguration' of type [org.mybatis.spring.boot.autoconfigure.MybatisAutoConfiguration$$EnhancerBySpringCGLIB$$6478e35e] is not eligible for getting processed by all BeanPostProcessors (for example: not eligible for auto-proxying)
20:33:42.114 log [main] INFO  o.s.c.s.PostProcessorRegistrationDelegate$BeanPostProcessorChecker - Bean 'sqlSessionTemplate' of type [org.mybatis.spring.SqlSessionTemplate] is not eligible for getting processed by all BeanPostProcessors (for example: not eligible for auto-proxying)
20:33:42.114 log [main] INFO  o.s.c.s.PostProcessorRegistrationDelegate$BeanPostProcessorChecker - Bean 'userMapper' of type [org.mybatis.spring.mapper.MapperFactoryBean] is not eligible for getting processed by all BeanPostProcessors (for example: not eligible for auto-proxying)
20:33:42.114 log [main] INFO  o.s.c.s.PostProcessorRegistrationDelegate$BeanPostProcessorChecker - Bean 'userMapper' of type [com.sun.proxy.$Proxy55] is not eligible for getting processed by all BeanPostProcessors (for example: not eligible for auto-proxying)
20:33:42.114 log [main] INFO  o.s.c.s.PostProcessorRegistrationDelegate$BeanPostProcessorChecker - Bean 'userService' of type [com.shl.onetest.service.UserService] is not eligible for getting processed by all BeanPostProcessors (for example: not eligible for auto-proxying)
20:33:42.114 log [main] INFO  o.s.c.s.PostProcessorRegistrationDelegate$BeanPostProcessorChecker - Bean 'shiroRealm' of type [com.shl.onetest.shiroconf.ShiroRealm] is not eligible for getting processed by all BeanPostProcessors (for example: not eligible for auto-proxying)
20:33:42.270 log [main] INFO  o.s.c.s.PostProcessorRegistrationDelegate$BeanPostProcessorChecker - Bean 'getEhCacheManager' of type [org.apache.shiro.cache.ehcache.EhCacheManager] is not eligible for getting processed by all BeanPostProcessors (for example: not eligible for auto-proxying)
20:33:42.270 log [main] INFO  o.a.s.cache.ehcache.EhCacheManager - Cache with name 'com.shl.onetest.shiroconf.ShiroRealm.authorizationCache' does not yet exist.  Creating now.
20:33:42.270 log [main] INFO  o.a.s.cache.ehcache.EhCacheManager - Added EhCache named [com.shl.onetest.shiroconf.ShiroRealm.authorizationCache]
20:33:42.286 log [main] INFO  o.s.c.s.PostProcessorRegistrationDelegate$BeanPostProcessorChecker - Bean 'sessionDAO' of type [org.apache.shiro.session.mgt.eis.MemorySessionDAO] is not eligible for getting processed by all BeanPostProcessors (for example: not eligible for auto-proxying)
20:33:42.286 log [main] INFO  o.s.c.s.PostProcessorRegistrationDelegate$BeanPostProcessorChecker - Bean 'sessionManager' of type [org.apache.shiro.web.session.mgt.DefaultWebSessionManager] is not eligible for getting processed by all BeanPostProcessors (for example: not eligible for auto-proxying)
20:33:42.301 log [main] INFO  o.s.c.s.PostProcessorRegistrationDelegate$BeanPostProcessorChecker - Bean 'securityManager' of type [org.apache.shiro.web.mgt.DefaultWebSecurityManager] is not eligible for getting processed by all BeanPostProcessors (for example: not eligible for auto-proxying)
20:33:42.348 log [main] INFO  o.s.c.s.PostProcessorRegistrationDelegate$BeanPostProcessorChecker - Bean 'authorizationAttributeSourceAdvisor' of type [org.apache.shiro.spring.security.interceptor.AuthorizationAttributeSourceAdvisor] is not eligible for getting processed by all BeanPostProcessors (for example: not eligible for auto-proxying)
20:33:42.364 log [main] INFO  o.s.c.s.PostProcessorRegistrationDelegate$BeanPostProcessorChecker - Bean 'org.springframework.transaction.annotation.ProxyTransactionManagementConfiguration' of type [org.springframework.transaction.annotation.ProxyTransactionManagementConfiguration$$EnhancerBySpringCGLIB$$31a4922e] is not eligible for getting processed by all BeanPostProcessors (for example: not eligible for auto-proxying)
20:33:42.786 log [main] INFO  o.s.b.c.e.t.TomcatEmbeddedServletContainer - Tomcat initialized with port(s): 8081 (http)
20:33:42.801 log [main] INFO  o.a.coyote.http11.Http11NioProtocol - Initializing ProtocolHandler ["http-nio-8081"]
20:33:42.801 log [main] INFO  o.a.catalina.core.StandardService - Starting service [Tomcat]
20:33:42.801 log [main] INFO  o.a.catalina.core.StandardEngine - Starting Servlet Engine: Apache Tomcat/8.5.31
20:33:42.928 log [localhost-startStop-1] INFO  o.a.c.c.C.[Tomcat].[localhost].[/] - Initializing Spring embedded WebApplicationContext
20:33:42.928 log [localhost-startStop-1] INFO  o.s.web.context.ContextLoader - Root WebApplicationContext: initialization completed in 2883 ms
20:33:43.254 log [localhost-startStop-1] INFO  o.s.b.w.s.ServletRegistrationBean - Mapping servlet: 'dispatcherServlet' to [/]
20:33:43.254 log [localhost-startStop-1] INFO  o.s.b.w.s.ServletRegistrationBean - Mapping servlet: 'statViewServlet' to [/druid/*]
20:33:43.254 log [localhost-startStop-1] INFO  o.s.b.w.s.FilterRegistrationBean - Mapping filter: 'characterEncodingFilter' to: [/*]
20:33:43.269 log [localhost-startStop-1] INFO  o.s.b.w.s.FilterRegistrationBean - Mapping filter: 'hiddenHttpMethodFilter' to: [/*]
20:33:43.269 log [localhost-startStop-1] INFO  o.s.b.w.s.FilterRegistrationBean - Mapping filter: 'httpPutFormContentFilter' to: [/*]
20:33:43.269 log [localhost-startStop-1] INFO  o.s.b.w.s.FilterRegistrationBean - Mapping filter: 'requestContextFilter' to: [/*]
20:33:43.269 log [localhost-startStop-1] INFO  o.s.b.w.s.FilterRegistrationBean - Mapping filter: 'webStatFilter' to urls: [/*]
20:33:43.269 log [localhost-startStop-1] INFO  o.s.b.w.s.FilterRegistrationBean - Mapping filter: 'shiroFilterFactoryBean' to: [/*]
20:33:43.676 log [main] INFO  o.s.w.s.m.m.a.RequestMappingHandlerAdapter - Looking for @ControllerAdvice: org.springframework.boot.context.embedded.AnnotationConfigEmbeddedWebApplicationContext@1ffe63b9: startup date [Tue Jul 10 20:33:40 CST 2018]; root of context hierarchy
20:33:43.769 log [main] INFO  o.s.w.s.m.m.a.RequestMappingHandlerMapping - Mapped "{[/index]}" onto public java.lang.String com.shl.onetest.controller.LoginController.index(org.springframework.ui.Model)
20:33:43.769 log [main] INFO  o.s.w.s.m.m.a.RequestMappingHandlerMapping - Mapped "{[/login],methods=[POST]}" onto public com.shl.onetest.entity.ResponseBo com.shl.onetest.controller.LoginController.login(java.lang.String,java.lang.String,java.lang.String,java.lang.Boolean,javax.servlet.http.HttpServletRequest)
20:33:43.769 log [main] INFO  o.s.w.s.m.m.a.RequestMappingHandlerMapping - Mapped "{[/login],methods=[GET]}" onto public java.lang.String com.shl.onetest.controller.LoginController.login()
20:33:43.769 log [main] INFO  o.s.w.s.m.m.a.RequestMappingHandlerMapping - Mapped "{[/],methods=[GET]}" onto public java.lang.String com.shl.onetest.controller.LoginController.redirectIndex()
20:33:43.769 log [main] INFO  o.s.w.s.m.m.a.RequestMappingHandlerMapping - Mapped "{[/403],methods=[GET]}" onto public java.lang.String com.shl.onetest.controller.LoginController.forbid()
20:33:43.769 log [main] INFO  o.s.w.s.m.m.a.RequestMappingHandlerMapping - Mapped "{[/gifCode],methods=[GET]}" onto public void com.shl.onetest.controller.LoginController.getGifCode(javax.servlet.http.HttpServletRequest,javax.servlet.http.HttpServletResponse)
20:33:43.769 log [main] INFO  o.s.w.s.m.m.a.RequestMappingHandlerMapping - Mapped "{[/error]}" onto public org.springframework.http.ResponseEntity<java.util.Map<java.lang.String, java.lang.Object>> org.springframework.boot.autoconfigure.web.BasicErrorController.error(javax.servlet.http.HttpServletRequest)
20:33:43.769 log [main] INFO  o.s.w.s.m.m.a.RequestMappingHandlerMapping - Mapped "{[/error],produces=[text/html]}" onto public org.springframework.web.servlet.ModelAndView org.springframework.boot.autoconfigure.web.BasicErrorController.errorHtml(javax.servlet.http.HttpServletRequest,javax.servlet.http.HttpServletResponse)
20:33:43.832 log [main] INFO  o.s.w.s.h.SimpleUrlHandlerMapping - Mapped URL path [/webjars/**] onto handler of type [class org.springframework.web.servlet.resource.ResourceHttpRequestHandler]
20:33:43.832 log [main] INFO  o.s.w.s.h.SimpleUrlHandlerMapping - Mapped URL path [/**] onto handler of type [class org.springframework.web.servlet.resource.ResourceHttpRequestHandler]
20:33:43.910 log [main] INFO  o.s.w.s.h.SimpleUrlHandlerMapping - Mapped URL path [/**/favicon.ico] onto handler of type [class org.springframework.web.servlet.resource.ResourceHttpRequestHandler]
20:33:43.973 log [main] WARN  o.t.templatemode.TemplateMode - [THYMELEAF][main] Template Mode 'HTML5' is deprecated. Using Template Mode 'HTML' instead.
20:33:44.910 log [main] INFO  o.s.j.e.a.AnnotationMBeanExporter - Registering beans for JMX exposure on startup
20:33:44.910 log [main] INFO  o.s.j.e.a.AnnotationMBeanExporter - Bean with name 'druidDataSource' has been autodetected for JMX exposure
20:33:44.910 log [main] INFO  o.s.j.e.a.AnnotationMBeanExporter - Bean with name 'statFilter' has been autodetected for JMX exposure
20:33:44.926 log [main] INFO  o.s.j.e.a.AnnotationMBeanExporter - Located MBean 'statFilter': registering with JMX server as MBean [com.alibaba.druid.filter.stat:name=statFilter,type=StatFilter]
20:33:44.926 log [main] INFO  o.s.j.e.a.AnnotationMBeanExporter - Located MBean 'druidDataSource': registering with JMX server as MBean [com.alibaba.druid.pool:name=druidDataSource,type=DruidDataSource]
20:33:44.926 log [main] INFO  o.a.coyote.http11.Http11NioProtocol - Starting ProtocolHandler ["http-nio-8081"]
20:33:44.941 log [main] INFO  o.a.tomcat.util.net.NioSelectorPool - Using a shared selector for servlet write/read
20:33:44.957 log [main] INFO  o.s.b.c.e.t.TomcatEmbeddedServletContainer - Tomcat started on port(s): 8081 (http)
20:33:44.957 log [main] INFO  com.shl.onetest.OnetestApplication - Started OnetestApplication in 5.756 seconds (JVM running for 6.782)
20:33:51.927 log [http-nio-8081-exec-1] INFO  o.a.c.c.C.[Tomcat].[localhost].[/] - Initializing Spring FrameworkServlet 'dispatcherServlet'
20:33:51.927 log [http-nio-8081-exec-1] INFO  o.s.web.servlet.DispatcherServlet - FrameworkServlet 'dispatcherServlet': initialization started
20:33:51.943 log [http-nio-8081-exec-1] INFO  o.s.web.servlet.DispatcherServlet - FrameworkServlet 'dispatcherServlet': initialization completed in 16 ms
20:33:51.959 log [http-nio-8081-exec-1] INFO  o.a.s.s.m.AbstractValidatingSessionManager - Enabling session validation scheduler...
20:34:10.125 log [http-nio-8081-exec-8] INFO  c.alibaba.druid.pool.DruidDataSource - {dataSource-1} inited
20:36:55.645 log [main] INFO  com.shl.onetest.OnetestApplication - Starting OnetestApplication on mr-song with PID 9292 (D:\workmyown\onetestplatform\target\classes started by songhl in D:\workmyown\onetestplatform)
20:36:55.645 log [main] INFO  com.shl.onetest.OnetestApplication - No active profile set, falling back to default profiles: default
20:36:55.801 log [background-preinit] INFO  o.h.validator.internal.util.Version - HV000001: Hibernate Validator 5.3.6.Final
20:36:55.832 log [main] INFO  o.s.b.c.e.AnnotationConfigEmbeddedWebApplicationContext - Refreshing org.springframework.boot.context.embedded.AnnotationConfigEmbeddedWebApplicationContext@1ffe63b9: startup date [Tue Jul 10 20:36:55 CST 2018]; root of context hierarchy
20:36:56.364 log [main] INFO  o.s.c.s.PostProcessorRegistrationDelegate$BeanPostProcessorChecker - Bean 'shiroConfig' of type [com.shl.onetest.shiroconf.ShiroConfig$$EnhancerBySpringCGLIB$$63223093] is not eligible for getting processed by all BeanPostProcessors (for example: not eligible for auto-proxying)
20:36:56.504 log [main] INFO  o.s.c.s.PostProcessorRegistrationDelegate$BeanPostProcessorChecker - Bean 'mybatisConfig' of type [com.shl.onetest.mybatisconfig.MybatisConfig$$EnhancerBySpringCGLIB$$ccd51135] is not eligible for getting processed by all BeanPostProcessors (for example: not eligible for auto-proxying)
20:36:56.723 log [main] INFO  o.s.c.s.PostProcessorRegistrationDelegate$BeanPostProcessorChecker - Bean 'druidDataSource' of type [com.alibaba.druid.pool.DruidDataSource] is not eligible for getting processed by all BeanPostProcessors (for example: not eligible for auto-proxying)
20:36:56.832 log [main] INFO  o.s.c.s.PostProcessorRegistrationDelegate$BeanPostProcessorChecker - Bean 'sqlSessionFactory' of type [org.apache.ibatis.session.defaults.DefaultSqlSessionFactory] is not eligible for getting processed by all BeanPostProcessors (for example: not eligible for auto-proxying)
20:36:56.832 log [main] INFO  o.s.c.s.PostProcessorRegistrationDelegate$BeanPostProcessorChecker - Bean 'mybatis-org.mybatis.spring.boot.autoconfigure.MybatisProperties' of type [org.mybatis.spring.boot.autoconfigure.MybatisProperties] is not eligible for getting processed by all BeanPostProcessors (for example: not eligible for auto-proxying)
20:36:56.848 log [main] INFO  o.s.c.s.PostProcessorRegistrationDelegate$BeanPostProcessorChecker - Bean 'org.mybatis.spring.boot.autoconfigure.MybatisAutoConfiguration' of type [org.mybatis.spring.boot.autoconfigure.MybatisAutoConfiguration$$EnhancerBySpringCGLIB$$6478e35e] is not eligible for getting processed by all BeanPostProcessors (for example: not eligible for auto-proxying)
20:36:56.848 log [main] INFO  o.s.c.s.PostProcessorRegistrationDelegate$BeanPostProcessorChecker - Bean 'sqlSessionTemplate' of type [org.mybatis.spring.SqlSessionTemplate] is not eligible for getting processed by all BeanPostProcessors (for example: not eligible for auto-proxying)
20:36:56.848 log [main] INFO  o.s.c.s.PostProcessorRegistrationDelegate$BeanPostProcessorChecker - Bean 'userMapper' of type [org.mybatis.spring.mapper.MapperFactoryBean] is not eligible for getting processed by all BeanPostProcessors (for example: not eligible for auto-proxying)
20:36:56.848 log [main] INFO  o.s.c.s.PostProcessorRegistrationDelegate$BeanPostProcessorChecker - Bean 'userMapper' of type [com.sun.proxy.$Proxy55] is not eligible for getting processed by all BeanPostProcessors (for example: not eligible for auto-proxying)
20:36:56.848 log [main] INFO  o.s.c.s.PostProcessorRegistrationDelegate$BeanPostProcessorChecker - Bean 'userService' of type [com.shl.onetest.service.UserService] is not eligible for getting processed by all BeanPostProcessors (for example: not eligible for auto-proxying)
20:36:56.848 log [main] INFO  o.s.c.s.PostProcessorRegistrationDelegate$BeanPostProcessorChecker - Bean 'shiroRealm' of type [com.shl.onetest.shiroconf.ShiroRealm] is not eligible for getting processed by all BeanPostProcessors (for example: not eligible for auto-proxying)
20:36:56.911 log [main] INFO  o.s.c.s.PostProcessorRegistrationDelegate$BeanPostProcessorChecker - Bean 'getEhCacheManager' of type [org.apache.shiro.cache.ehcache.EhCacheManager] is not eligible for getting processed by all BeanPostProcessors (for example: not eligible for auto-proxying)
20:36:56.911 log [main] INFO  o.a.s.cache.ehcache.EhCacheManager - Cache with name 'com.shl.onetest.shiroconf.ShiroRealm.authorizationCache' does not yet exist.  Creating now.
20:36:56.911 log [main] INFO  o.a.s.cache.ehcache.EhCacheManager - Added EhCache named [com.shl.onetest.shiroconf.ShiroRealm.authorizationCache]
20:36:56.911 log [main] INFO  o.s.c.s.PostProcessorRegistrationDelegate$BeanPostProcessorChecker - Bean 'sessionDAO' of type [org.apache.shiro.session.mgt.eis.MemorySessionDAO] is not eligible for getting processed by all BeanPostProcessors (for example: not eligible for auto-proxying)
20:36:56.926 log [main] INFO  o.s.c.s.PostProcessorRegistrationDelegate$BeanPostProcessorChecker - Bean 'sessionManager' of type [org.apache.shiro.web.session.mgt.DefaultWebSessionManager] is not eligible for getting processed by all BeanPostProcessors (for example: not eligible for auto-proxying)
20:36:56.926 log [main] INFO  o.s.c.s.PostProcessorRegistrationDelegate$BeanPostProcessorChecker - Bean 'securityManager' of type [org.apache.shiro.web.mgt.DefaultWebSecurityManager] is not eligible for getting processed by all BeanPostProcessors (for example: not eligible for auto-proxying)
20:36:56.973 log [main] INFO  o.s.c.s.PostProcessorRegistrationDelegate$BeanPostProcessorChecker - Bean 'authorizationAttributeSourceAdvisor' of type [org.apache.shiro.spring.security.interceptor.AuthorizationAttributeSourceAdvisor] is not eligible for getting processed by all BeanPostProcessors (for example: not eligible for auto-proxying)
20:36:56.973 log [main] INFO  o.s.c.s.PostProcessorRegistrationDelegate$BeanPostProcessorChecker - Bean 'org.springframework.transaction.annotation.ProxyTransactionManagementConfiguration' of type [org.springframework.transaction.annotation.ProxyTransactionManagementConfiguration$$EnhancerBySpringCGLIB$$31a4922e] is not eligible for getting processed by all BeanPostProcessors (for example: not eligible for auto-proxying)
20:36:57.223 log [main] INFO  o.s.b.c.e.t.TomcatEmbeddedServletContainer - Tomcat initialized with port(s): 8081 (http)
20:36:57.239 log [main] INFO  o.a.coyote.http11.Http11NioProtocol - Initializing ProtocolHandler ["http-nio-8081"]
20:36:57.239 log [main] INFO  o.a.catalina.core.StandardService - Starting service [Tomcat]
20:36:57.239 log [main] INFO  o.a.catalina.core.StandardEngine - Starting Servlet Engine: Apache Tomcat/8.5.31
20:36:57.317 log [localhost-startStop-1] INFO  o.a.c.c.C.[Tomcat].[localhost].[/] - Initializing Spring embedded WebApplicationContext
20:36:57.317 log [localhost-startStop-1] INFO  o.s.web.context.ContextLoader - Root WebApplicationContext: initialization completed in 1485 ms
20:36:57.598 log [localhost-startStop-1] INFO  o.s.b.w.s.ServletRegistrationBean - Mapping servlet: 'dispatcherServlet' to [/]
20:36:57.598 log [localhost-startStop-1] INFO  o.s.b.w.s.ServletRegistrationBean - Mapping servlet: 'statViewServlet' to [/druid/*]
20:36:57.598 log [localhost-startStop-1] INFO  o.s.b.w.s.FilterRegistrationBean - Mapping filter: 'characterEncodingFilter' to: [/*]
20:36:57.598 log [localhost-startStop-1] INFO  o.s.b.w.s.FilterRegistrationBean - Mapping filter: 'hiddenHttpMethodFilter' to: [/*]
20:36:57.598 log [localhost-startStop-1] INFO  o.s.b.w.s.FilterRegistrationBean - Mapping filter: 'httpPutFormContentFilter' to: [/*]
20:36:57.598 log [localhost-startStop-1] INFO  o.s.b.w.s.FilterRegistrationBean - Mapping filter: 'requestContextFilter' to: [/*]
20:36:57.598 log [localhost-startStop-1] INFO  o.s.b.w.s.FilterRegistrationBean - Mapping filter: 'webStatFilter' to urls: [/*]
20:36:57.598 log [localhost-startStop-1] INFO  o.s.b.w.s.FilterRegistrationBean - Mapping filter: 'shiroFilterFactoryBean' to: [/*]
20:36:57.926 log [main] INFO  o.s.w.s.m.m.a.RequestMappingHandlerAdapter - Looking for @ControllerAdvice: org.springframework.boot.context.embedded.AnnotationConfigEmbeddedWebApplicationContext@1ffe63b9: startup date [Tue Jul 10 20:36:55 CST 2018]; root of context hierarchy
20:36:57.989 log [main] INFO  o.s.w.s.m.m.a.RequestMappingHandlerMapping - Mapped "{[/index]}" onto public java.lang.String com.shl.onetest.controller.LoginController.index(org.springframework.ui.Model)
20:36:57.989 log [main] INFO  o.s.w.s.m.m.a.RequestMappingHandlerMapping - Mapped "{[/403],methods=[GET]}" onto public java.lang.String com.shl.onetest.controller.LoginController.forbid()
20:36:57.989 log [main] INFO  o.s.w.s.m.m.a.RequestMappingHandlerMapping - Mapped "{[/],methods=[GET]}" onto public java.lang.String com.shl.onetest.controller.LoginController.redirectIndex()
20:36:57.989 log [main] INFO  o.s.w.s.m.m.a.RequestMappingHandlerMapping - Mapped "{[/login],methods=[POST]}" onto public com.shl.onetest.entity.ResponseBo com.shl.onetest.controller.LoginController.login(java.lang.String,java.lang.String,java.lang.String,java.lang.Boolean,javax.servlet.http.HttpServletRequest)
20:36:57.989 log [main] INFO  o.s.w.s.m.m.a.RequestMappingHandlerMapping - Mapped "{[/login],methods=[GET]}" onto public java.lang.String com.shl.onetest.controller.LoginController.login()
20:36:57.989 log [main] INFO  o.s.w.s.m.m.a.RequestMappingHandlerMapping - Mapped "{[/gifCode],methods=[GET]}" onto public void com.shl.onetest.controller.LoginController.getGifCode(javax.servlet.http.HttpServletRequest,javax.servlet.http.HttpServletResponse)
20:36:57.989 log [main] INFO  o.s.w.s.m.m.a.RequestMappingHandlerMapping - Mapped "{[/error]}" onto public org.springframework.http.ResponseEntity<java.util.Map<java.lang.String, java.lang.Object>> org.springframework.boot.autoconfigure.web.BasicErrorController.error(javax.servlet.http.HttpServletRequest)
20:36:57.989 log [main] INFO  o.s.w.s.m.m.a.RequestMappingHandlerMapping - Mapped "{[/error],produces=[text/html]}" onto public org.springframework.web.servlet.ModelAndView org.springframework.boot.autoconfigure.web.BasicErrorController.errorHtml(javax.servlet.http.HttpServletRequest,javax.servlet.http.HttpServletResponse)
20:36:58.083 log [main] INFO  o.s.w.s.h.SimpleUrlHandlerMapping - Mapped URL path [/webjars/**] onto handler of type [class org.springframework.web.servlet.resource.ResourceHttpRequestHandler]
20:36:58.083 log [main] INFO  o.s.w.s.h.SimpleUrlHandlerMapping - Mapped URL path [/**] onto handler of type [class org.springframework.web.servlet.resource.ResourceHttpRequestHandler]
20:36:58.145 log [main] INFO  o.s.w.s.h.SimpleUrlHandlerMapping - Mapped URL path [/**/favicon.ico] onto handler of type [class org.springframework.web.servlet.resource.ResourceHttpRequestHandler]
20:36:58.208 log [main] WARN  o.t.templatemode.TemplateMode - [THYMELEAF][main] Template Mode 'HTML5' is deprecated. Using Template Mode 'HTML' instead.
20:36:58.989 log [main] INFO  o.s.j.e.a.AnnotationMBeanExporter - Registering beans for JMX exposure on startup
20:36:58.989 log [main] INFO  o.s.j.e.a.AnnotationMBeanExporter - Bean with name 'druidDataSource' has been autodetected for JMX exposure
20:36:58.989 log [main] INFO  o.s.j.e.a.AnnotationMBeanExporter - Bean with name 'statFilter' has been autodetected for JMX exposure
20:36:58.989 log [main] INFO  o.s.j.e.a.AnnotationMBeanExporter - Located MBean 'statFilter': registering with JMX server as MBean [com.alibaba.druid.filter.stat:name=statFilter,type=StatFilter]
20:36:58.989 log [main] INFO  o.s.j.e.a.AnnotationMBeanExporter - Located MBean 'druidDataSource': registering with JMX server as MBean [com.alibaba.druid.pool:name=druidDataSource,type=DruidDataSource]
20:36:59.005 log [main] INFO  o.a.coyote.http11.Http11NioProtocol - Starting ProtocolHandler ["http-nio-8081"]
20:36:59.005 log [main] INFO  o.a.tomcat.util.net.NioSelectorPool - Using a shared selector for servlet write/read
20:36:59.020 log [main] INFO  o.s.b.c.e.t.TomcatEmbeddedServletContainer - Tomcat started on port(s): 8081 (http)
20:36:59.020 log [main] INFO  com.shl.onetest.OnetestApplication - Started OnetestApplication in 3.641 seconds (JVM running for 4.315)
20:37:43.759 log [http-nio-8081-exec-1] INFO  o.a.c.c.C.[Tomcat].[localhost].[/] - Initializing Spring FrameworkServlet 'dispatcherServlet'
20:37:43.759 log [http-nio-8081-exec-1] INFO  o.s.web.servlet.DispatcherServlet - FrameworkServlet 'dispatcherServlet': initialization started
20:37:43.775 log [http-nio-8081-exec-1] INFO  o.s.web.servlet.DispatcherServlet - FrameworkServlet 'dispatcherServlet': initialization completed in 16 ms
20:37:43.783 log [http-nio-8081-exec-1] INFO  o.a.s.s.m.AbstractValidatingSessionManager - Enabling session validation scheduler...
20:37:56.873 log [http-nio-8081-exec-9] WARN  o.s.web.servlet.PageNotFound - Request method 'POST' not supported
20:38:15.457 log [http-nio-8081-exec-8] WARN  o.s.web.servlet.PageNotFound - Request method 'POST' not supported
20:38:28.088 log [http-nio-8081-exec-2] WARN  o.s.web.servlet.PageNotFound - Request method 'POST' not supported
20:38:56.153 log [http-nio-8081-exec-1] INFO  c.alibaba.druid.pool.DruidDataSource - {dataSource-1} inited
